<?xml version="1.0" encoding="UTF-8"?>
<!-- Generated by org.testng.reporters.JUnitReportReporter -->
<testsuite hostname="LAPTOP-JO1VF95E" failures="0" tests="4" name="testRunner.TestNGRunner" time="13.141" errors="0" timestamp="2025-11-18T01:21:20 IST" skipped="0">
  <testcase classname="testRunner.TestNGRunner" name="runScenario" time="3.905"/>
  <testcase classname="testRunner.TestNGRunner" name="runScenario" time="1.693"/>
  <testcase classname="testRunner.TestNGRunner" name="runScenario" time="3.917"/>
  <testcase classname="testRunner.TestNGRunner" name="runScenario" time="3.626"/>
</testsuite> <!-- testRunner.TestNGRunner -->
